<!DOCTYPE html PUBLIC "-//W3C//DTD XHTML 1.1//EN" "https://www.w3.org/TR/xhtml11/DTD/xhtml11.dtd">
<html xmlns="https://www.w3.org/1999/xhtml">
<head>
<meta http-equiv="content-type" content="text/html; charset=UTF-8"/>
<title>TestNG Report</title>
<style type="text/css">table {margin-bottom:10px;border-collapse:collapse;empty-cells:show}th,td {border:1px solid #009;padding:.25em .5em}th {vertical-align:bottom}td {vertical-align:top}table a {font-weight:bold}.stripe td {background-color: #E6EBF9}.num {text-align:right}.passedodd td {background-color: #3F3}.passedeven td {background-color: #0A0}.skippedodd td {background-color: #DDD}.skippedeven td {background-color: #CCC}.failedodd td,.attn {background-color: #F33}.failedeven td,.stripe .attn {background-color: #D00}.stacktrace {white-space:pre;font-family:monospace}.totop {font-size:85%;text-align:center;border-bottom:2px solid #000}.invisible {display:none}</style>
</head>
<body>
<table>
<tr><th>Test</th><th># Passed</th><th># Skipped</th><th># Retried</th><th># Failed</th><th>Time (ms)</th><th>Included Groups</th><th>Excluded Groups</th></tr>
<tr><th colspan="8">DataDrivenTestSuite</th></tr>
<tr><td><a href="#t0">SmokeTest</a></td><td class="num">2</td><td class="num">0</td><td class="num attn">3</td><td class="num attn">1</td><td class="num">36,472</td><td></td><td></td></tr>
</table>
<table id='summary'><thead><tr><th>Class</th><th>Method</th><th>Start</th><th>Time (ms)</th></tr></thead><tbody><tr><th colspan="4">DataDrivenTestSuite</th></tr></tbody><tbody id="t0"><tr><th colspan="4">SmokeTest &#8212; failed</th></tr><tr class="failedeven"><td rowspan="1">com.learningselenium.testcases.BankManagerTestClass</td><td><a href="#m0">test001_AddCustomerTest</a></td><td rowspan="1">1622212668897</td><td rowspan="1">1</td></tr><tr><th colspan="4">SmokeTest &#8212; retried</th></tr><tr class="retriedeven"><td rowspan="3">com.learningselenium.testcases.BankManagerTestClass</td><td><a href="#m1">test001_AddCustomerTest</a></td><td rowspan="3">1622212656069</td><td rowspan="3">6057</td></tr><tr class="retriedeven"><td><a href="#m2">test001_AddCustomerTest</a></td></tr><tr class="retriedeven"><td><a href="#m3">test001_AddCustomerTest</a></td></tr><tr><th colspan="4">SmokeTest &#8212; passed</th></tr><tr class="passedeven"><td rowspan="2">com.learningselenium.testcases.BankManagerTestClass</td><td><a href="#m4">test002_OpenAccountTest</a></td><td rowspan="1">1622212671828</td><td rowspan="1">2438</td></tr><tr class="passedeven"><td><a href="#m5">test003_DeleteCustomerTest</a></td><td rowspan="1">1622212676787</td><td rowspan="1">12558</td></tr></tbody>
</table>
<h2>SmokeTest</h2><h3 id="m0">com.learningselenium.testcases.BankManagerTestClass#test001_AddCustomerTest</h3><table class="result"><tr class="param"><th>Parameter #1</th></tr><tr class="param stripe"><td>{PostCode=400078, Currency=Pound, FirstName=Vinod, LastName=Mallah}</td></tr><tr><th>Messages</th></tr><tr><td><div class="messages"><a target="_blank" href=FailureScreenshot_test001_AddCustomerTest_2021-05-28_200732.jpg>Screenshot link</a><br/><br><br/><a target="_blank" href=FailureScreenshot_test001_AddCustomerTest_2021-05-28_200732.jpg><img src=FailureScreenshot_test001_AddCustomerTest_2021-05-28_200732.jpg height=200 width=200></a></div></td></tr><tr><th>Exception</th></tr><tr><td><div class="stacktrace">java.lang.IllegalArgumentException: wrong number of arguments
	at java.util.ArrayList.forEach(ArrayList.java:1259)
... Removed 30 stack frames</div></td></tr></table><p class="totop"><a href="#summary">back to summary</a></p>
<h3 id="m1">com.learningselenium.testcases.BankManagerTestClass#test001_AddCustomerTest</h3><table class="result"><tr class="param"><th>Parameter #1</th><th>Parameter #2</th></tr><tr class="param stripe"><td>{PostCode=400078, Currency=Pound, FirstName=Vinod, LastName=Mallah}</td><td>public void com.learningselenium.testcases.BankManagerTestClass.test001_AddCustomerTest(java.util.Hashtable,java.lang.reflect.Method) throws java.io.IOException,java.lang.InterruptedException</td></tr><tr><th colspan="2">Exception</th></tr><tr><td colspan="2"><div class="stacktrace">java.lang.AssertionError: expected [false] but found [true]
	at com.learningselenium.testcases.BankManagerTestClass.test001_AddCustomerTest(BankManagerTestClass.java:65)
	at java.util.ArrayList.forEach(ArrayList.java:1259)
... Removed 34 stack frames</div></td></tr></table><p class="totop"><a href="#summary">back to summary</a></p>
<h3 id="m2">com.learningselenium.testcases.BankManagerTestClass#test001_AddCustomerTest</h3><table class="result"><tr class="param"><th>Parameter #1</th></tr><tr class="param stripe"><td>{PostCode=400078, Currency=Pound, FirstName=Vinod, LastName=Mallah}</td></tr><tr><th>Exception</th></tr><tr><td><div class="stacktrace">java.lang.IllegalArgumentException: wrong number of arguments
	at java.util.ArrayList.forEach(ArrayList.java:1259)
... Removed 30 stack frames</div></td></tr></table><p class="totop"><a href="#summary">back to summary</a></p>
<h3 id="m3">com.learningselenium.testcases.BankManagerTestClass#test001_AddCustomerTest</h3><table class="result"><tr class="param"><th>Parameter #1</th></tr><tr class="param stripe"><td>{PostCode=400078, Currency=Pound, FirstName=Vinod, LastName=Mallah}</td></tr><tr><th>Exception</th></tr><tr><td><div class="stacktrace">java.lang.IllegalArgumentException: wrong number of arguments
	at java.util.ArrayList.forEach(ArrayList.java:1259)
... Removed 30 stack frames</div></td></tr></table><p class="totop"><a href="#summary">back to summary</a></p>
<h3 id="m4">com.learningselenium.testcases.BankManagerTestClass#test002_OpenAccountTest</h3><table class="result"><tr class="param"><th>Parameter #1</th><th>Parameter #2</th></tr><tr class="param stripe"><td>{PostCode=400078, Currency=Pound, FirstName=Vinod, LastName=Mallah}</td><td>public void com.learningselenium.testcases.BankManagerTestClass.test002_OpenAccountTest(java.util.Hashtable,java.lang.reflect.Method) throws java.lang.Exception</td></tr></table><p class="totop"><a href="#summary">back to summary</a></p>
<h3 id="m5">com.learningselenium.testcases.BankManagerTestClass#test003_DeleteCustomerTest</h3><table class="result"><tr class="param"><th>Parameter #1</th><th>Parameter #2</th></tr><tr class="param stripe"><td>{PostCode=400078, Currency=Pound, FirstName=Vinod, LastName=Mallah}</td><td>public void com.learningselenium.testcases.BankManagerTestClass.test003_DeleteCustomerTest(java.util.Hashtable,java.lang.reflect.Method) throws java.lang.Exception</td></tr></table><p class="totop"><a href="#summary">back to summary</a></p>
</body>
</html>
