<!DOCTYPE html>

<html>
  <head>
  <meta charset='utf-8'>
  <title>TestNG reports</title>

    <link type="text/css" href="testng-reports1.css" rel="stylesheet" id="ultra" />
    <link type="text/css" href="testng-reports.css" rel="stylesheet" id="retro" disabled="false"/>
    <script type="text/javascript" src="jquery.min.js"></script>
    <script type="text/javascript" src="testng-reports.js"></script>
    <script type="text/javascript" src="https://www.google.com/jsapi"></script>
    <script type='text/javascript'>
      google.load('visualization', '1', {packages:['table']});
      google.setOnLoadCallback(drawTable);
      var suiteTableInitFunctions = new Array();
      var suiteTableData = new Array();
    </script>
    <!--
      <script type="text/javascript" src="jquery-ui/js/jquery-ui-1.8.16.custom.min.js"></script>
     -->
  </head>

  <body>
    <div class="top-banner-root">
      <span class="top-banner-title-font">Test results</span>
      <button class="button" id="button">Switch Retro Theme</button> <!-- button -->
      <br/>
      <span class="top-banner-font-1">1 suite, 1 failed test</span>
    </div> <!-- top-banner-root -->
    <div class="navigator-root">
      <div class="navigator-suite-header">
        <span>All suites</span>
        <a href="#" class="collapse-all-link" title="Collapse/expand all the suites">
          <img class="collapse-all-icon" src="collapseall.gif">
          </img> <!-- collapse-all-icon -->
        </a> <!-- collapse-all-link -->
      </div> <!-- navigator-suite-header -->
      <div class="suite">
        <div class="rounded-window">
          <div class="suite-header light-rounded-window-top">
            <a href="#" class="navigator-link" panel-name="suite-DataDrivenTestSuite">
              <span class="suite-name border-failed">DataDrivenTestSuite</span>
            </a> <!-- navigator-link -->
          </div> <!-- suite-header light-rounded-window-top -->
          <div class="navigator-suite-content">
            <div class="suite-section-title">
              <span>Info</span>
            </div> <!-- suite-section-title -->
            <div class="suite-section-content">
              <ul>
                <li>
                  <a href="#" class="navigator-link " panel-name="test-xml-DataDrivenTestSuite">
                    <span>C:\Selenium\DataDrivenFramework\src\test\resources\Runner\testng.xml</span>
                  </a> <!-- navigator-link  -->
                </li>
                <li>
                  <a href="#" class="navigator-link " panel-name="testlist-DataDrivenTestSuite">
                    <span class="test-stats">1 test</span>
                  </a> <!-- navigator-link  -->
                </li>
                <li>
                  <a href="#" class="navigator-link " panel-name="group-DataDrivenTestSuite">
                    <span>0 groups</span>
                  </a> <!-- navigator-link  -->
                </li>
                <li>
                  <a href="#" class="navigator-link " panel-name="times-DataDrivenTestSuite">
                    <span>Times</span>
                  </a> <!-- navigator-link  -->
                </li>
                <li>
                  <a href="#" class="navigator-link " panel-name="reporter-DataDrivenTestSuite">
                    <span>Reporter output</span>
                  </a> <!-- navigator-link  -->
                </li>
                <li>
                  <a href="#" class="navigator-link " panel-name="ignored-methods-DataDrivenTestSuite">
                    <span>Ignored methods</span>
                  </a> <!-- navigator-link  -->
                </li>
                <li>
                  <a href="#" class="navigator-link " panel-name="chronological-DataDrivenTestSuite">
                    <span>Chronological view</span>
                  </a> <!-- navigator-link  -->
                </li>
              </ul>
            </div> <!-- suite-section-content -->
            <div class="result-section">
              <div class="suite-section-title">
                <span>Results</span>
              </div> <!-- suite-section-title -->
              <div class="suite-section-content">
                <ul>
                  <li>
                    <span class="method-stats">6 methods, 1 failed,  3 skipped,  2 passed</span>
                  </li>
                  <li>
                    <span class="method-list-title failed">Failed methods</span>
                    <span class="show-or-hide-methods failed">
                      <a href="#" panel-name="suite-DataDrivenTestSuite" class="hide-methods failed suite-DataDrivenTestSuite"> (hide)</a> <!-- hide-methods failed suite-DataDrivenTestSuite -->
                      <a href="#" panel-name="suite-DataDrivenTestSuite" class="show-methods failed suite-DataDrivenTestSuite"> (show)</a> <!-- show-methods failed suite-DataDrivenTestSuite -->
                    </span>
                    <div class="method-list-content failed suite-DataDrivenTestSuite">
                      <span>
                        <img width="3%" src="failed.png"/>
                        <a href="#" class="method navigator-link" panel-name="suite-DataDrivenTestSuite" title="com.learningselenium.testcases.BankManagerTestClass" hash-for-method="test001_AddCustomerTest({PostCode=400078, Currency=Pound, FirstName=Vinod, LastName=Mallah})">test001_AddCustomerTest({PostCode=400078, Currency=Pound, FirstName=Vinod, LastName=Mallah})</a> <!-- method navigator-link -->
                      </span>
                      <br/>
                    </div> <!-- method-list-content failed suite-DataDrivenTestSuite -->
                  </li>
                  <li>
                    <span class="method-list-title skipped">Retried methods</span>
                    <span class="show-or-hide-methods skipped">
                      <a href="#" panel-name="suite-DataDrivenTestSuite" class="hide-methods skipped suite-DataDrivenTestSuite"> (hide)</a> <!-- hide-methods skipped suite-DataDrivenTestSuite -->
                      <a href="#" panel-name="suite-DataDrivenTestSuite" class="show-methods skipped suite-DataDrivenTestSuite"> (show)</a> <!-- show-methods skipped suite-DataDrivenTestSuite -->
                    </span>
                    <div class="method-list-content skipped suite-DataDrivenTestSuite">
                      <span>
                        <img width="3%" src="skipped.png"/>
                        <a href="#" class="method navigator-link" panel-name="suite-DataDrivenTestSuite" title="com.learningselenium.testcases.BankManagerTestClass" hash-for-method="test001_AddCustomerTest({PostCode=400078, Currency=Pound, FirstName=Vinod, LastName=Mallah}, public void com.learningseleniu...)">test001_AddCustomerTest({PostCode=400078, Currency=Pound, FirstName=Vinod, LastName=Mallah}, public void com.learningseleniu...)</a> <!-- method navigator-link -->
                      </span>
                      <br/>
                      <span>
                        <img width="3%" src="skipped.png"/>
                        <a href="#" class="method navigator-link" panel-name="suite-DataDrivenTestSuite" title="com.learningselenium.testcases.BankManagerTestClass" hash-for-method="test001_AddCustomerTest({PostCode=400078, Currency=Pound, FirstName=Vinod, LastName=Mallah})">test001_AddCustomerTest({PostCode=400078, Currency=Pound, FirstName=Vinod, LastName=Mallah})</a> <!-- method navigator-link -->
                      </span>
                      <br/>
                      <span>
                        <img width="3%" src="skipped.png"/>
                        <a href="#" class="method navigator-link" panel-name="suite-DataDrivenTestSuite" title="com.learningselenium.testcases.BankManagerTestClass" hash-for-method="test001_AddCustomerTest({PostCode=400078, Currency=Pound, FirstName=Vinod, LastName=Mallah})">test001_AddCustomerTest({PostCode=400078, Currency=Pound, FirstName=Vinod, LastName=Mallah})</a> <!-- method navigator-link -->
                      </span>
                      <br/>
                    </div> <!-- method-list-content skipped suite-DataDrivenTestSuite -->
                  </li>
                  <li>
                    <span class="method-list-title passed">Passed methods</span>
                    <span class="show-or-hide-methods passed">
                      <a href="#" panel-name="suite-DataDrivenTestSuite" class="hide-methods passed suite-DataDrivenTestSuite"> (hide)</a> <!-- hide-methods passed suite-DataDrivenTestSuite -->
                      <a href="#" panel-name="suite-DataDrivenTestSuite" class="show-methods passed suite-DataDrivenTestSuite"> (show)</a> <!-- show-methods passed suite-DataDrivenTestSuite -->
                    </span>
                    <div class="method-list-content passed suite-DataDrivenTestSuite">
                      <span>
                        <img width="3%" src="passed.png"/>
                        <a href="#" class="method navigator-link" panel-name="suite-DataDrivenTestSuite" title="com.learningselenium.testcases.BankManagerTestClass" hash-for-method="test002_OpenAccountTest({PostCode=400078, Currency=Pound, FirstName=Vinod, LastName=Mallah}, public void com.learningseleniu...)">test002_OpenAccountTest({PostCode=400078, Currency=Pound, FirstName=Vinod, LastName=Mallah}, public void com.learningseleniu...)</a> <!-- method navigator-link -->
                      </span>
                      <br/>
                      <span>
                        <img width="3%" src="passed.png"/>
                        <a href="#" class="method navigator-link" panel-name="suite-DataDrivenTestSuite" title="com.learningselenium.testcases.BankManagerTestClass" hash-for-method="test003_DeleteCustomerTest({PostCode=400078, Currency=Pound, FirstName=Vinod, LastName=Mallah}, public void com.learningseleniu...)">test003_DeleteCustomerTest({PostCode=400078, Currency=Pound, FirstName=Vinod, LastName=Mallah}, public void com.learningseleniu...)</a> <!-- method navigator-link -->
                      </span>
                      <br/>
                    </div> <!-- method-list-content passed suite-DataDrivenTestSuite -->
                  </li>
                </ul>
              </div> <!-- suite-section-content -->
            </div> <!-- result-section -->
          </div> <!-- navigator-suite-content -->
        </div> <!-- rounded-window -->
      </div> <!-- suite -->
    </div> <!-- navigator-root -->
    <div class="wrapper">
      <div class="main-panel-root">
        <div panel-name="suite-DataDrivenTestSuite" class="panel DataDrivenTestSuite">
          <div class="suite-DataDrivenTestSuite-class-failed">
            <div class="main-panel-header rounded-window-top">
              <img src="failed.png"/>
              <span class="class-name">com.learningselenium.testcases.BankManagerTestClass</span>
            </div> <!-- main-panel-header rounded-window-top -->
            <div class="main-panel-content rounded-window-bottom">
              <div class="method">
                <div class="method-content">
                  <a name="test001_AddCustomerTest({PostCode=400078, Currency=Pound, FirstName=Vinod, LastName=Mallah})">
                  </a> <!-- test001_AddCustomerTest({PostCode=400078, Currency=Pound, FirstName=Vinod, LastName=Mallah}) -->
                  <span class="method-name">test001_AddCustomerTest</span>
                  <span class="parameters">({PostCode=400078, Currency=Pound, FirstName=Vinod, LastName=Mallah})</span>
                  <div class="stack-trace">java.lang.IllegalArgumentException: wrong number of arguments
	at java.util.ArrayList.forEach(ArrayList.java:1259)
... Removed 30 stack frames
</div> <!-- stack-trace -->
                </div> <!-- method-content -->
              </div> <!-- method -->
            </div> <!-- main-panel-content rounded-window-bottom -->
          </div> <!-- suite-DataDrivenTestSuite-class-failed -->
          <div class="suite-DataDrivenTestSuite-class-skipped">
            <div class="main-panel-header rounded-window-top">
              <img src="skipped.png"/>
              <span class="class-name">com.learningselenium.testcases.BankManagerTestClass</span>
            </div> <!-- main-panel-header rounded-window-top -->
            <div class="main-panel-content rounded-window-bottom">
              <div class="method">
                <div class="method-content">
                  <a name="test001_AddCustomerTest({PostCode=400078, Currency=Pound, FirstName=Vinod, LastName=Mallah}, public void com.learningseleniu...)">
                  </a> <!-- test001_AddCustomerTest({PostCode=400078, Currency=Pound, FirstName=Vinod, LastName=Mallah}, public void com.learningseleniu...) -->
                  <span class="method-name">test001_AddCustomerTest</span>
                  <span class="parameters">({PostCode=400078, Currency=Pound, FirstName=Vinod, LastName=Mallah}, public void com.learningselenium.testcases.BankManagerTestClass.test001_AddCustomerTest(java.util.Hashtable,java.lang.reflect.Method) throws java.io.IOException,java.lang.InterruptedException)</span>
                  <div class="stack-trace">java.lang.AssertionError: expected [false] but found [true]
	at com.learningselenium.testcases.BankManagerTestClass.test001_AddCustomerTest(BankManagerTestClass.java:65)
	at java.util.ArrayList.forEach(ArrayList.java:1259)
... Removed 34 stack frames
</div> <!-- stack-trace -->
                </div> <!-- method-content -->
              </div> <!-- method -->
              <div class="method">
                <div class="method-content">
                  <a name="test001_AddCustomerTest({PostCode=400078, Currency=Pound, FirstName=Vinod, LastName=Mallah})">
                  </a> <!-- test001_AddCustomerTest({PostCode=400078, Currency=Pound, FirstName=Vinod, LastName=Mallah}) -->
                  <span class="method-name">test001_AddCustomerTest</span>
                  <span class="parameters">({PostCode=400078, Currency=Pound, FirstName=Vinod, LastName=Mallah})</span>
                  <div class="stack-trace">java.lang.IllegalArgumentException: wrong number of arguments
	at java.util.ArrayList.forEach(ArrayList.java:1259)
... Removed 30 stack frames
</div> <!-- stack-trace -->
                </div> <!-- method-content -->
              </div> <!-- method -->
              <div class="method">
                <div class="method-content">
                  <a name="test001_AddCustomerTest({PostCode=400078, Currency=Pound, FirstName=Vinod, LastName=Mallah})">
                  </a> <!-- test001_AddCustomerTest({PostCode=400078, Currency=Pound, FirstName=Vinod, LastName=Mallah}) -->
                  <span class="method-name">test001_AddCustomerTest</span>
                  <span class="parameters">({PostCode=400078, Currency=Pound, FirstName=Vinod, LastName=Mallah})</span>
                  <div class="stack-trace">java.lang.IllegalArgumentException: wrong number of arguments
	at java.util.ArrayList.forEach(ArrayList.java:1259)
... Removed 30 stack frames
</div> <!-- stack-trace -->
                </div> <!-- method-content -->
              </div> <!-- method -->
            </div> <!-- main-panel-content rounded-window-bottom -->
          </div> <!-- suite-DataDrivenTestSuite-class-skipped -->
          <div class="suite-DataDrivenTestSuite-class-passed">
            <div class="main-panel-header rounded-window-top">
              <img src="passed.png"/>
              <span class="class-name">com.learningselenium.testcases.BankManagerTestClass</span>
            </div> <!-- main-panel-header rounded-window-top -->
            <div class="main-panel-content rounded-window-bottom">
              <div class="method">
                <div class="method-content">
                  <a name="test002_OpenAccountTest({PostCode=400078, Currency=Pound, FirstName=Vinod, LastName=Mallah}, public void com.learningseleniu...)">
                  </a> <!-- test002_OpenAccountTest({PostCode=400078, Currency=Pound, FirstName=Vinod, LastName=Mallah}, public void com.learningseleniu...) -->
                  <span class="method-name">test002_OpenAccountTest</span>
                  <span class="parameters">({PostCode=400078, Currency=Pound, FirstName=Vinod, LastName=Mallah}, public void com.learningselenium.testcases.BankManagerTestClass.test002_OpenAccountTest(java.util.Hashtable,java.lang.reflect.Method) throws java.lang.Exception)</span>
                </div> <!-- method-content -->
              </div> <!-- method -->
              <div class="method">
                <div class="method-content">
                  <a name="test003_DeleteCustomerTest({PostCode=400078, Currency=Pound, FirstName=Vinod, LastName=Mallah}, public void com.learningseleniu...)">
                  </a> <!-- test003_DeleteCustomerTest({PostCode=400078, Currency=Pound, FirstName=Vinod, LastName=Mallah}, public void com.learningseleniu...) -->
                  <span class="method-name">test003_DeleteCustomerTest</span>
                  <span class="parameters">({PostCode=400078, Currency=Pound, FirstName=Vinod, LastName=Mallah}, public void com.learningselenium.testcases.BankManagerTestClass.test003_DeleteCustomerTest(java.util.Hashtable,java.lang.reflect.Method) throws java.lang.Exception)</span>
                </div> <!-- method-content -->
              </div> <!-- method -->
            </div> <!-- main-panel-content rounded-window-bottom -->
          </div> <!-- suite-DataDrivenTestSuite-class-passed -->
        </div> <!-- panel DataDrivenTestSuite -->
        <div panel-name="test-xml-DataDrivenTestSuite" class="panel">
          <div class="main-panel-header rounded-window-top">
            <span class="header-content">C:\Selenium\DataDrivenFramework\src\test\resources\Runner\testng.xml</span>
          </div> <!-- main-panel-header rounded-window-top -->
          <div class="main-panel-content rounded-window-bottom">
            <pre>
&lt;?xml version=&quot;1.0&quot; encoding=&quot;UTF-8&quot;?&gt;
&lt;!DOCTYPE suite SYSTEM &quot;https://testng.org/testng-1.0.dtd&quot;&gt;
&lt;suite guice-stage=&quot;DEVELOPMENT&quot; verbose=&quot;0&quot; name=&quot;DataDrivenTestSuite&quot;&gt;
  &lt;listeners&gt;
    &lt;listener class-name=&quot;com.learningselenium.testhelpers.CustomListeners&quot;/&gt;
    &lt;listener class-name=&quot;org.uncommons.reportng.HTMLReporter&quot;/&gt;
  &lt;/listeners&gt;
  &lt;test thread-count=&quot;5&quot; verbose=&quot;0&quot; name=&quot;SmokeTest&quot;&gt;
    &lt;classes&gt;
      &lt;class name=&quot;com.learningselenium.testbase.TestBase&quot;/&gt;
      &lt;class name=&quot;com.learningselenium.testcases.BankManagerTestClass&quot;/&gt;
    &lt;/classes&gt;
  &lt;/test&gt; &lt;!-- SmokeTest --&gt;
&lt;/suite&gt; &lt;!-- DataDrivenTestSuite --&gt;
            </pre>
          </div> <!-- main-panel-content rounded-window-bottom -->
        </div> <!-- panel -->
        <div panel-name="testlist-DataDrivenTestSuite" class="panel">
          <div class="main-panel-header rounded-window-top">
            <span class="header-content">Tests for DataDrivenTestSuite</span>
          </div> <!-- main-panel-header rounded-window-top -->
          <div class="main-panel-content rounded-window-bottom">
            <ul>
              <li>
                <span class="test-name">SmokeTest (2 classes)</span>
              </li>
            </ul>
          </div> <!-- main-panel-content rounded-window-bottom -->
        </div> <!-- panel -->
        <div panel-name="group-DataDrivenTestSuite" class="panel">
          <div class="main-panel-header rounded-window-top">
            <span class="header-content">Groups for DataDrivenTestSuite</span>
          </div> <!-- main-panel-header rounded-window-top -->
          <div class="main-panel-content rounded-window-bottom">
          </div> <!-- main-panel-content rounded-window-bottom -->
        </div> <!-- panel -->
        <div panel-name="times-DataDrivenTestSuite" class="panel">
          <div class="main-panel-header rounded-window-top">
            <span class="header-content">Times for DataDrivenTestSuite</span>
          </div> <!-- main-panel-header rounded-window-top -->
          <div class="main-panel-content rounded-window-bottom">
            <div class="times-div">
              <script type="text/javascript">
suiteTableInitFunctions.push('tableData_DataDrivenTestSuite');
function tableData_DataDrivenTestSuite() {
var data = new google.visualization.DataTable();
data.addColumn('number', 'Number');
data.addColumn('string', 'Method');
data.addColumn('string', 'Class');
data.addColumn('number', 'Time (ms)');
data.addRows(6);
data.setCell(0, 0, 0)
data.setCell(0, 1, 'test003_DeleteCustomerTest')
data.setCell(0, 2, 'com.learningselenium.testcases.BankManagerTestClass')
data.setCell(0, 3, 12558);
data.setCell(1, 0, 1)
data.setCell(1, 1, 'test001_AddCustomerTest')
data.setCell(1, 2, 'com.learningselenium.testcases.BankManagerTestClass')
data.setCell(1, 3, 6057);
data.setCell(2, 0, 2)
data.setCell(2, 1, 'test002_OpenAccountTest')
data.setCell(2, 2, 'com.learningselenium.testcases.BankManagerTestClass')
data.setCell(2, 3, 2438);
data.setCell(3, 0, 3)
data.setCell(3, 1, 'test001_AddCustomerTest')
data.setCell(3, 2, 'com.learningselenium.testcases.BankManagerTestClass')
data.setCell(3, 3, 1);
data.setCell(4, 0, 4)
data.setCell(4, 1, 'test001_AddCustomerTest')
data.setCell(4, 2, 'com.learningselenium.testcases.BankManagerTestClass')
data.setCell(4, 3, 1);
data.setCell(5, 0, 5)
data.setCell(5, 1, 'test001_AddCustomerTest')
data.setCell(5, 2, 'com.learningselenium.testcases.BankManagerTestClass')
data.setCell(5, 3, 1);
window.suiteTableData['DataDrivenTestSuite']= { tableData: data, tableDiv: 'times-div-DataDrivenTestSuite'}
return data;
}
              </script>
              <span class="suite-total-time">Total running time: 21 seconds</span>
              <div id="times-div-DataDrivenTestSuite">
              </div> <!-- times-div-DataDrivenTestSuite -->
            </div> <!-- times-div -->
          </div> <!-- main-panel-content rounded-window-bottom -->
        </div> <!-- panel -->
        <div panel-name="reporter-DataDrivenTestSuite" class="panel">
          <div class="main-panel-header rounded-window-top">
            <span class="header-content">Reporter output for DataDrivenTestSuite</span>
          </div> <!-- main-panel-header rounded-window-top -->
          <div class="main-panel-content rounded-window-bottom">
            <div class="reporter-method-div">
              <span class="reporter-method-name">test001_AddCustomerTest({PostCode=400078, Currency=Pound, FirstName=Vinod, LastName=Mallah})</span>
              <div class="reporter-method-output-div">
                <span class="reporter-method-output"><a target="_blank" href=FailureScreenshot_test001_AddCustomerTest_2021-05-28_200732.jpg>Screenshot link</a></span>
                <span class="reporter-method-output"><br></span>
                <span class="reporter-method-output"><a target="_blank" href=FailureScreenshot_test001_AddCustomerTest_2021-05-28_200732.jpg><img src=FailureScreenshot_test001_AddCustomerTest_2021-05-28_200732.jpg height=200 width=200></a></span>
              </div> <!-- reporter-method-output-div -->
            </div> <!-- reporter-method-div -->
          </div> <!-- main-panel-content rounded-window-bottom -->
        </div> <!-- panel -->
        <div panel-name="ignored-methods-DataDrivenTestSuite" class="panel">
          <div class="main-panel-header rounded-window-top">
            <span class="header-content">4 ignored methods</span>
          </div> <!-- main-panel-header rounded-window-top -->
          <div class="main-panel-content rounded-window-bottom">
            <div class="ignored-class-div">
              <span class="ignored-class-name">com.learningselenium.testcases.BankManagerTestClass</span>
              <div class="ignored-methods-div">
                <span class="ignored-method-name">performPreTestActivity</span>
                <br/>
                <span class="ignored-method-name">setupDatabaseConnection</span>
                <br/>
                <span class="ignored-method-name">tearDown</span>
                <br/>
                <span class="ignored-method-name">performPostTestActivity</span>
                <br/>
              </div> <!-- ignored-methods-div -->
            </div> <!-- ignored-class-div -->
          </div> <!-- main-panel-content rounded-window-bottom -->
        </div> <!-- panel -->
        <div panel-name="chronological-DataDrivenTestSuite" class="panel">
          <div class="main-panel-header rounded-window-top">
            <span class="header-content">Methods in chronological order</span>
          </div> <!-- main-panel-header rounded-window-top -->
          <div class="main-panel-content rounded-window-bottom">
            <div class="chronological-class">
              <div class="chronological-class-name">com.learningselenium.testbase.TestBase</div> <!-- chronological-class-name -->
              <div class="configuration-suite before">
                <span class="method-name">setupDatabaseConnection</span>
                <span class="method-start">0 ms</span>
              </div> <!-- configuration-suite before -->
              <div class="configuration-test before">
                <span class="method-name">performPreTestActivity</span>
                <span class="method-start">607 ms</span>
              </div> <!-- configuration-test before -->
            </div> <!-- chronological-class -->
            <div class="chronological-class">
              <div class="chronological-class-name">com.learningselenium.testcases.BankManagerTestClass</div> <!-- chronological-class-name -->
              <div class="configuration-method before">
                <span class="method-name">launchBrowser</span>
                <span class="method-start">639 ms</span>
              </div> <!-- configuration-method before -->
              <div class="test-method">
                <span class="method-name">test001_AddCustomerTest({PostCode=400078, Currency=Pound, FirstName=Vinod, LastName=Mallah}, public void com.learningseleniu...)</span>
                <span class="method-start">3100 ms</span>
              </div> <!-- test-method -->
              <div class="configuration-method after">
                <span class="method-name">closeBrowser</span>
                <span class="method-start">9164 ms</span>
              </div> <!-- configuration-method after -->
              <div class="configuration-method before">
                <span class="method-name">launchBrowser</span>
                <span class="method-start">9846 ms</span>
              </div> <!-- configuration-method before -->
              <div class="test-method">
                <span class="method-name">test001_AddCustomerTest({PostCode=400078, Currency=Pound, FirstName=Vinod, LastName=Mallah})</span>
                <span class="method-start">11481 ms</span>
              </div> <!-- test-method -->
              <div class="configuration-method after">
                <span class="method-name">closeBrowser</span>
                <span class="method-start">11483 ms</span>
              </div> <!-- configuration-method after -->
              <div class="configuration-method before">
                <span class="method-name">launchBrowser</span>
                <span class="method-start">12132 ms</span>
              </div> <!-- configuration-method before -->
              <div class="test-method">
                <span class="method-name">test001_AddCustomerTest({PostCode=400078, Currency=Pound, FirstName=Vinod, LastName=Mallah})</span>
                <span class="method-start">13638 ms</span>
              </div> <!-- test-method -->
              <div class="configuration-method after">
                <span class="method-name">closeBrowser</span>
                <span class="method-start">13639 ms</span>
              </div> <!-- configuration-method after -->
              <div class="configuration-method before">
                <span class="method-name">launchBrowser</span>
                <span class="method-start">14329 ms</span>
              </div> <!-- configuration-method before -->
              <div class="test-method">
                <img src="failed.png">
                </img>
                <span class="method-name">test001_AddCustomerTest({PostCode=400078, Currency=Pound, FirstName=Vinod, LastName=Mallah})</span>
                <span class="method-start">15928 ms</span>
              </div> <!-- test-method -->
              <div class="configuration-method after">
                <span class="method-name">closeBrowser</span>
                <span class="method-start">16396 ms</span>
              </div> <!-- configuration-method after -->
              <div class="configuration-method before">
                <span class="method-name">launchBrowser</span>
                <span class="method-start">17111 ms</span>
              </div> <!-- configuration-method before -->
              <div class="test-method">
                <span class="method-name">test002_OpenAccountTest({PostCode=400078, Currency=Pound, FirstName=Vinod, LastName=Mallah}, public void com.learningseleniu...)</span>
                <span class="method-start">18859 ms</span>
              </div> <!-- test-method -->
              <div class="configuration-method after">
                <span class="method-name">closeBrowser</span>
                <span class="method-start">21298 ms</span>
              </div> <!-- configuration-method after -->
              <div class="configuration-method before">
                <span class="method-name">launchBrowser</span>
                <span class="method-start">22119 ms</span>
              </div> <!-- configuration-method before -->
              <div class="test-method">
                <span class="method-name">test003_DeleteCustomerTest({PostCode=400078, Currency=Pound, FirstName=Vinod, LastName=Mallah}, public void com.learningseleniu...)</span>
                <span class="method-start">23818 ms</span>
              </div> <!-- test-method -->
              <div class="configuration-method after">
                <span class="method-name">closeBrowser</span>
                <span class="method-start">36378 ms</span>
              </div> <!-- configuration-method after -->
            </div> <!-- chronological-class -->
            <div class="chronological-class">
              <div class="chronological-class-name">com.learningselenium.testbase.TestBase</div> <!-- chronological-class-name -->
              <div class="configuration-test after">
                <span class="method-name">performPostTestActivity</span>
                <span class="method-start">37078 ms</span>
              </div> <!-- configuration-test after -->
              <div class="configuration-suite after">
                <span class="method-name">tearDown</span>
                <span class="method-start">37095 ms</span>
              </div> <!-- configuration-suite after -->
          </div> <!-- main-panel-content rounded-window-bottom -->
        </div> <!-- panel -->
      </div> <!-- main-panel-root -->
    </div> <!-- wrapper -->
  </body>
<script type="text/javascript" src="testng-reports2.js"></script>
</html>
