<?xml version="1.0" encoding="UTF-8"?>
<!-- Generated by org.testng.reporters.JUnitXMLReporter -->
<testsuite hostname="BCPWLPMU037" ignored="0" name="SmokeTest" tests="4" failures="1" timestamp="2021-05-28T20:03:13 IST" time="10.397" errors="0">
  <testcase name="testMethod" time="0.029" classname="com.learningselenium.testcases.DummyClass">
    <skipped/>
  </testcase> <!-- testMethod -->
  <testcase name="testMethod" time="0.003" classname="com.learningselenium.testcases.DummyClass">
    <skipped/>
  </testcase> <!-- testMethod -->
  <testcase name="testMethod" time="0.002" classname="com.learningselenium.testcases.DummyClass">
    <skipped/>
  </testcase> <!-- testMethod -->
  <testcase name="testMethod" time="0.002" classname="com.learningselenium.testcases.DummyClass">
    <failure type="java.util.NoSuchElementException">
      <![CDATA[java.util.NoSuchElementException
at com.learningselenium.testcases.DummyClass.testMethod(DummyClass.java:14)
at java.util.ArrayList.forEach(ArrayList.java:1259)
... Removed 27 stack frames]]>
    </failure>
  </testcase> <!-- testMethod -->
</testsuite> <!-- SmokeTest -->
