<?xml version="1.0" encoding="UTF-8"?>
<testng-results skipped="0" failed="1" ignored="0" retried="3" total="4" passed="0">
  <reporter-output>
    <line>
      <![CDATA[<a target="_blank" href=FailureScreenshot_testMethod_2021-05-28_200301.jpg>Screenshot link</a>]]>
    </line>
    <line>
      <![CDATA[<br>]]>
    </line>
    <line>
      <![CDATA[<a target="_blank" href=FailureScreenshot_testMethod_2021-05-28_200301.jpg><img src=FailureScreenshot_testMethod_2021-05-28_200301.jpg height=200 width=200></a>]]>
    </line>
  </reporter-output>
  <suite name="DataDrivenTestSuite" duration-ms="10397" started-at="2021-05-28T20:03:02 IST" finished-at="2021-05-28T20:03:13 IST">
    <groups>
    </groups>
    <test name="SmokeTest" duration-ms="10397" started-at="2021-05-28T20:03:02 IST" finished-at="2021-05-28T20:03:13 IST">
      <class name="com.learningselenium.testcases.DummyClass">
        <test-method status="PASS" signature="setupDatabaseConnection()[pri:0, instance:com.learningselenium.testcases.DummyClass@1bb564e2]" name="setupDatabaseConnection" is-config="true" duration-ms="698" started-at="2021-05-28T20:03:02 IST" finished-at="2021-05-28T20:03:02 IST">
          <reporter-output>
          </reporter-output>
        </test-method> <!-- setupDatabaseConnection -->
        <test-method status="PASS" signature="performPreTestActivity()[pri:0, instance:com.learningselenium.testcases.DummyClass@1bb564e2]" name="performPreTestActivity" is-config="true" duration-ms="2" started-at="2021-05-28T20:03:02 IST" finished-at="2021-05-28T20:03:02 IST">
          <reporter-output>
          </reporter-output>
        </test-method> <!-- performPreTestActivity -->
        <test-method status="PASS" signature="launchBrowser()[pri:0, instance:com.learningselenium.testcases.DummyClass@1bb564e2]" name="launchBrowser" is-config="true" duration-ms="2260" started-at="2021-05-28T20:03:02 IST" finished-at="2021-05-28T20:03:05 IST">
          <reporter-output>
          </reporter-output>
        </test-method> <!-- launchBrowser -->
        <test-method status="SKIP" signature="testMethod()[pri:0, instance:com.learningselenium.testcases.DummyClass@1bb564e2]" name="testMethod" duration-ms="29" retried="true" started-at="2021-05-28T20:03:05 IST" finished-at="2021-05-28T20:03:05 IST">
          <exception class="java.util.NoSuchElementException">
            <full-stacktrace>
              <![CDATA[java.util.NoSuchElementException
at com.learningselenium.testcases.DummyClass.testMethod(DummyClass.java:14)
at sun.reflect.NativeMethodAccessorImpl.invoke0(Native Method)
at sun.reflect.NativeMethodAccessorImpl.invoke(NativeMethodAccessorImpl.java:62)
at sun.reflect.DelegatingMethodAccessorImpl.invoke(DelegatingMethodAccessorImpl.java:43)
at java.lang.reflect.Method.invoke(Method.java:498)
at org.testng.internal.MethodInvocationHelper.invokeMethod(MethodInvocationHelper.java:133)
at org.testng.internal.TestInvoker.invokeMethod(TestInvoker.java:598)
at org.testng.internal.TestInvoker.invokeTestMethod(TestInvoker.java:173)
at org.testng.internal.MethodRunner.runInSequence(MethodRunner.java:46)
at org.testng.internal.TestInvoker$MethodInvocationAgent.invoke(TestInvoker.java:824)
at org.testng.internal.TestInvoker.invokeTestMethods(TestInvoker.java:146)
at org.testng.internal.TestMethodWorker.invokeTestMethods(TestMethodWorker.java:146)
at org.testng.internal.TestMethodWorker.run(TestMethodWorker.java:128)
at java.util.ArrayList.forEach(ArrayList.java:1259)
at org.testng.TestRunner.privateRun(TestRunner.java:794)
at org.testng.TestRunner.run(TestRunner.java:596)
at org.testng.SuiteRunner.runTest(SuiteRunner.java:377)
at org.testng.SuiteRunner.runSequentially(SuiteRunner.java:371)
at org.testng.SuiteRunner.privateRun(SuiteRunner.java:332)
at org.testng.SuiteRunner.run(SuiteRunner.java:276)
at org.testng.SuiteRunnerWorker.runSuite(SuiteRunnerWorker.java:53)
at org.testng.SuiteRunnerWorker.run(SuiteRunnerWorker.java:96)
at org.testng.TestNG.runSuitesSequentially(TestNG.java:1212)
at org.testng.TestNG.runSuitesLocally(TestNG.java:1134)
at org.testng.TestNG.runSuites(TestNG.java:1063)
at org.testng.TestNG.run(TestNG.java:1031)
at org.testng.remote.AbstractRemoteTestNG.run(AbstractRemoteTestNG.java:115)
at org.testng.remote.RemoteTestNG.initAndRun(RemoteTestNG.java:251)
at org.testng.remote.RemoteTestNG.main(RemoteTestNG.java:77)
]]>
            </full-stacktrace>
          </exception> <!-- java.util.NoSuchElementException -->
          <reporter-output>
          </reporter-output>
        </test-method> <!-- testMethod -->
        <test-method status="PASS" signature="closeBrowser()[pri:0, instance:com.learningselenium.testcases.DummyClass@1bb564e2]" name="closeBrowser" is-config="true" duration-ms="647" started-at="2021-05-28T20:03:05 IST" finished-at="2021-05-28T20:03:05 IST">
          <reporter-output>
          </reporter-output>
        </test-method> <!-- closeBrowser -->
        <test-method status="PASS" signature="launchBrowser()[pri:0, instance:com.learningselenium.testcases.DummyClass@1bb564e2]" name="launchBrowser" is-config="true" duration-ms="1582" started-at="2021-05-28T20:03:05 IST" finished-at="2021-05-28T20:03:07 IST">
          <reporter-output>
          </reporter-output>
        </test-method> <!-- launchBrowser -->
        <test-method status="SKIP" signature="testMethod()[pri:0, instance:com.learningselenium.testcases.DummyClass@1bb564e2]" name="testMethod" duration-ms="3" retried="true" started-at="2021-05-28T20:03:07 IST" finished-at="2021-05-28T20:03:07 IST">
          <exception class="java.util.NoSuchElementException">
            <full-stacktrace>
              <![CDATA[java.util.NoSuchElementException
at com.learningselenium.testcases.DummyClass.testMethod(DummyClass.java:14)
at sun.reflect.NativeMethodAccessorImpl.invoke0(Native Method)
at sun.reflect.NativeMethodAccessorImpl.invoke(NativeMethodAccessorImpl.java:62)
at sun.reflect.DelegatingMethodAccessorImpl.invoke(DelegatingMethodAccessorImpl.java:43)
at java.lang.reflect.Method.invoke(Method.java:498)
at org.testng.internal.MethodInvocationHelper.invokeMethod(MethodInvocationHelper.java:133)
at org.testng.internal.TestInvoker.invokeMethod(TestInvoker.java:598)
at org.testng.internal.TestInvoker.retryFailed(TestInvoker.java:213)
at org.testng.internal.MethodRunner.runInSequence(MethodRunner.java:58)
at org.testng.internal.TestInvoker$MethodInvocationAgent.invoke(TestInvoker.java:824)
at org.testng.internal.TestInvoker.invokeTestMethods(TestInvoker.java:146)
at org.testng.internal.TestMethodWorker.invokeTestMethods(TestMethodWorker.java:146)
at org.testng.internal.TestMethodWorker.run(TestMethodWorker.java:128)
at java.util.ArrayList.forEach(ArrayList.java:1259)
at org.testng.TestRunner.privateRun(TestRunner.java:794)
at org.testng.TestRunner.run(TestRunner.java:596)
at org.testng.SuiteRunner.runTest(SuiteRunner.java:377)
at org.testng.SuiteRunner.runSequentially(SuiteRunner.java:371)
at org.testng.SuiteRunner.privateRun(SuiteRunner.java:332)
at org.testng.SuiteRunner.run(SuiteRunner.java:276)
at org.testng.SuiteRunnerWorker.runSuite(SuiteRunnerWorker.java:53)
at org.testng.SuiteRunnerWorker.run(SuiteRunnerWorker.java:96)
at org.testng.TestNG.runSuitesSequentially(TestNG.java:1212)
at org.testng.TestNG.runSuitesLocally(TestNG.java:1134)
at org.testng.TestNG.runSuites(TestNG.java:1063)
at org.testng.TestNG.run(TestNG.java:1031)
at org.testng.remote.AbstractRemoteTestNG.run(AbstractRemoteTestNG.java:115)
at org.testng.remote.RemoteTestNG.initAndRun(RemoteTestNG.java:251)
at org.testng.remote.RemoteTestNG.main(RemoteTestNG.java:77)
]]>
            </full-stacktrace>
          </exception> <!-- java.util.NoSuchElementException -->
          <reporter-output>
          </reporter-output>
        </test-method> <!-- testMethod -->
        <test-method status="PASS" signature="closeBrowser()[pri:0, instance:com.learningselenium.testcases.DummyClass@1bb564e2]" name="closeBrowser" is-config="true" duration-ms="658" started-at="2021-05-28T20:03:07 IST" finished-at="2021-05-28T20:03:08 IST">
          <reporter-output>
          </reporter-output>
        </test-method> <!-- closeBrowser -->
        <test-method status="PASS" signature="launchBrowser()[pri:0, instance:com.learningselenium.testcases.DummyClass@1bb564e2]" name="launchBrowser" is-config="true" duration-ms="1952" started-at="2021-05-28T20:03:08 IST" finished-at="2021-05-28T20:03:10 IST">
          <reporter-output>
          </reporter-output>
        </test-method> <!-- launchBrowser -->
        <test-method status="SKIP" signature="testMethod()[pri:0, instance:com.learningselenium.testcases.DummyClass@1bb564e2]" name="testMethod" duration-ms="2" retried="true" started-at="2021-05-28T20:03:10 IST" finished-at="2021-05-28T20:03:10 IST">
          <exception class="java.util.NoSuchElementException">
            <full-stacktrace>
              <![CDATA[java.util.NoSuchElementException
at com.learningselenium.testcases.DummyClass.testMethod(DummyClass.java:14)
at sun.reflect.NativeMethodAccessorImpl.invoke0(Native Method)
at sun.reflect.NativeMethodAccessorImpl.invoke(NativeMethodAccessorImpl.java:62)
at sun.reflect.DelegatingMethodAccessorImpl.invoke(DelegatingMethodAccessorImpl.java:43)
at java.lang.reflect.Method.invoke(Method.java:498)
at org.testng.internal.MethodInvocationHelper.invokeMethod(MethodInvocationHelper.java:133)
at org.testng.internal.TestInvoker.invokeMethod(TestInvoker.java:598)
at org.testng.internal.TestInvoker.retryFailed(TestInvoker.java:213)
at org.testng.internal.MethodRunner.runInSequence(MethodRunner.java:58)
at org.testng.internal.TestInvoker$MethodInvocationAgent.invoke(TestInvoker.java:824)
at org.testng.internal.TestInvoker.invokeTestMethods(TestInvoker.java:146)
at org.testng.internal.TestMethodWorker.invokeTestMethods(TestMethodWorker.java:146)
at org.testng.internal.TestMethodWorker.run(TestMethodWorker.java:128)
at java.util.ArrayList.forEach(ArrayList.java:1259)
at org.testng.TestRunner.privateRun(TestRunner.java:794)
at org.testng.TestRunner.run(TestRunner.java:596)
at org.testng.SuiteRunner.runTest(SuiteRunner.java:377)
at org.testng.SuiteRunner.runSequentially(SuiteRunner.java:371)
at org.testng.SuiteRunner.privateRun(SuiteRunner.java:332)
at org.testng.SuiteRunner.run(SuiteRunner.java:276)
at org.testng.SuiteRunnerWorker.runSuite(SuiteRunnerWorker.java:53)
at org.testng.SuiteRunnerWorker.run(SuiteRunnerWorker.java:96)
at org.testng.TestNG.runSuitesSequentially(TestNG.java:1212)
at org.testng.TestNG.runSuitesLocally(TestNG.java:1134)
at org.testng.TestNG.runSuites(TestNG.java:1063)
at org.testng.TestNG.run(TestNG.java:1031)
at org.testng.remote.AbstractRemoteTestNG.run(AbstractRemoteTestNG.java:115)
at org.testng.remote.RemoteTestNG.initAndRun(RemoteTestNG.java:251)
at org.testng.remote.RemoteTestNG.main(RemoteTestNG.java:77)
]]>
            </full-stacktrace>
          </exception> <!-- java.util.NoSuchElementException -->
          <reporter-output>
          </reporter-output>
        </test-method> <!-- testMethod -->
        <test-method status="PASS" signature="closeBrowser()[pri:0, instance:com.learningselenium.testcases.DummyClass@1bb564e2]" name="closeBrowser" is-config="true" duration-ms="637" started-at="2021-05-28T20:03:10 IST" finished-at="2021-05-28T20:03:10 IST">
          <reporter-output>
          </reporter-output>
        </test-method> <!-- closeBrowser -->
        <test-method status="PASS" signature="launchBrowser()[pri:0, instance:com.learningselenium.testcases.DummyClass@1bb564e2]" name="launchBrowser" is-config="true" duration-ms="1559" started-at="2021-05-28T20:03:10 IST" finished-at="2021-05-28T20:03:12 IST">
          <reporter-output>
          </reporter-output>
        </test-method> <!-- launchBrowser -->
        <test-method status="FAIL" signature="testMethod()[pri:0, instance:com.learningselenium.testcases.DummyClass@1bb564e2]" name="testMethod" duration-ms="2" started-at="2021-05-28T20:03:12 IST" finished-at="2021-05-28T20:03:12 IST">
          <exception class="java.util.NoSuchElementException">
            <full-stacktrace>
              <![CDATA[java.util.NoSuchElementException
at com.learningselenium.testcases.DummyClass.testMethod(DummyClass.java:14)
at sun.reflect.NativeMethodAccessorImpl.invoke0(Native Method)
at sun.reflect.NativeMethodAccessorImpl.invoke(NativeMethodAccessorImpl.java:62)
at sun.reflect.DelegatingMethodAccessorImpl.invoke(DelegatingMethodAccessorImpl.java:43)
at java.lang.reflect.Method.invoke(Method.java:498)
at org.testng.internal.MethodInvocationHelper.invokeMethod(MethodInvocationHelper.java:133)
at org.testng.internal.TestInvoker.invokeMethod(TestInvoker.java:598)
at org.testng.internal.TestInvoker.retryFailed(TestInvoker.java:213)
at org.testng.internal.MethodRunner.runInSequence(MethodRunner.java:58)
at org.testng.internal.TestInvoker$MethodInvocationAgent.invoke(TestInvoker.java:824)
at org.testng.internal.TestInvoker.invokeTestMethods(TestInvoker.java:146)
at org.testng.internal.TestMethodWorker.invokeTestMethods(TestMethodWorker.java:146)
at org.testng.internal.TestMethodWorker.run(TestMethodWorker.java:128)
at java.util.ArrayList.forEach(ArrayList.java:1259)
at org.testng.TestRunner.privateRun(TestRunner.java:794)
at org.testng.TestRunner.run(TestRunner.java:596)
at org.testng.SuiteRunner.runTest(SuiteRunner.java:377)
at org.testng.SuiteRunner.runSequentially(SuiteRunner.java:371)
at org.testng.SuiteRunner.privateRun(SuiteRunner.java:332)
at org.testng.SuiteRunner.run(SuiteRunner.java:276)
at org.testng.SuiteRunnerWorker.runSuite(SuiteRunnerWorker.java:53)
at org.testng.SuiteRunnerWorker.run(SuiteRunnerWorker.java:96)
at org.testng.TestNG.runSuitesSequentially(TestNG.java:1212)
at org.testng.TestNG.runSuitesLocally(TestNG.java:1134)
at org.testng.TestNG.runSuites(TestNG.java:1063)
at org.testng.TestNG.run(TestNG.java:1031)
at org.testng.remote.AbstractRemoteTestNG.run(AbstractRemoteTestNG.java:115)
at org.testng.remote.RemoteTestNG.initAndRun(RemoteTestNG.java:251)
at org.testng.remote.RemoteTestNG.main(RemoteTestNG.java:77)
]]>
            </full-stacktrace>
          </exception> <!-- java.util.NoSuchElementException -->
          <reporter-output>
            <line>
              <![CDATA[<a target="_blank" href=FailureScreenshot_testMethod_2021-05-28_200301.jpg>Screenshot link</a>]]>
            </line>
            <line>
              <![CDATA[<br>]]>
            </line>
            <line>
              <![CDATA[<a target="_blank" href=FailureScreenshot_testMethod_2021-05-28_200301.jpg><img src=FailureScreenshot_testMethod_2021-05-28_200301.jpg height=200 width=200></a>]]>
            </line>
          </reporter-output>
        </test-method> <!-- testMethod -->
        <test-method status="PASS" signature="closeBrowser()[pri:0, instance:com.learningselenium.testcases.DummyClass@1bb564e2]" name="closeBrowser" is-config="true" duration-ms="682" started-at="2021-05-28T20:03:12 IST" finished-at="2021-05-28T20:03:13 IST">
          <reporter-output>
          </reporter-output>
        </test-method> <!-- closeBrowser -->
        <test-method status="PASS" signature="performPostTestActivity()[pri:0, instance:com.learningselenium.testcases.DummyClass@1bb564e2]" name="performPostTestActivity" is-config="true" duration-ms="0" started-at="2021-05-28T20:03:13 IST" finished-at="2021-05-28T20:03:13 IST">
          <reporter-output>
          </reporter-output>
        </test-method> <!-- performPostTestActivity -->
        <test-method status="PASS" signature="tearDown()[pri:0, instance:com.learningselenium.testcases.DummyClass@1bb564e2]" name="tearDown" is-config="true" duration-ms="2" started-at="2021-05-28T20:03:13 IST" finished-at="2021-05-28T20:03:13 IST">
          <reporter-output>
          </reporter-output>
        </test-method> <!-- tearDown -->
      </class> <!-- com.learningselenium.testcases.DummyClass -->
    </test> <!-- SmokeTest -->
  </suite> <!-- DataDrivenTestSuite -->
</testng-results>
